Added Component: Designator=*(RES_Network)
Added Component: Designator=*(RES_Network)
Added Component: Designator=*(RES_Network)
Added Component: Designator=C1(C0805)
Added Component: Designator=C2(C0805)
Added Component: Designator=C3(Ceramic capacitor)
Added Component: Designator=C4(Ceramic capacitor)
Added Component: Designator=C5(Capacitor)
Added Component: Designator=D1(LED-0)
Added Component: Designator=P1(HDR1X3)
Added Component: Designator=P2(pin10)
Added Component: Designator=P3(pin10)
Added Component: Designator=P4(HDR1X4)
Added Component: Designator=P5(pin10)
Added Component: Designator=R1(AXIAL-0.3)
Added Component: Designator=R2(RES-)
Added Component: Designator=S1(switchbutton)
Added Component: Designator=STC12C5608AD(SO28_M)
Added Component: Designator=U1(to220ab)
Added Component: Designator=Y1(Crystal)
Added Pin To Net: NetName=GND Pin=C1-2
Added Pin To Net: NetName=GND Pin=C2-2
Added Pin To Net: NetName=GND Pin=C3-1
Added Pin To Net: NetName=GND Pin=C4-1
Added Pin To Net: NetName=GND Pin=D1-2
Added Pin To Net: NetName=GND Pin=P1-1
Added Pin To Net: NetName=GND Pin=P1-2
Added Pin To Net: NetName=GND Pin=P2-10
Added Pin To Net: NetName=GND Pin=P3-10
Added Pin To Net: NetName=GND Pin=P4-4
Added Pin To Net: NetName=GND Pin=P5-10
Added Pin To Net: NetName=GND Pin=R2-1
Added Pin To Net: NetName=GND Pin=STC12C5608AD-14
Added Pin To Net: NetName=GND Pin=U1-2
Added Net: Name=GND
Added Pin To Net: NetName=Net*_2 Pin=*-2
Added Pin To Net: NetName=Net*_2 Pin=P5-2
Added Pin To Net: NetName=Net*_2 Pin=STC12C5608AD-26
Added Net: Name=Net*_2
Added Pin To Net: NetName=Net*_3 Pin=*-3
Added Pin To Net: NetName=Net*_3 Pin=P5-3
Added Pin To Net: NetName=Net*_3 Pin=STC12C5608AD-27
Added Net: Name=Net*_3
Added Pin To Net: NetName=Net*_4 Pin=*-4
Added Pin To Net: NetName=Net*_4 Pin=P5-4
Added Pin To Net: NetName=Net*_4 Pin=STC12C5608AD-1
Added Net: Name=Net*_4
Added Pin To Net: NetName=Net*_5 Pin=*-5
Added Pin To Net: NetName=Net*_5 Pin=P5-5
Added Pin To Net: NetName=Net*_5 Pin=STC12C5608AD-2
Added Net: Name=Net*_5
Added Pin To Net: NetName=Net*_6 Pin=*-6
Added Pin To Net: NetName=Net*_6 Pin=P5-6
Added Pin To Net: NetName=Net*_6 Pin=STC12C5608AD-12
Added Net: Name=Net*_6
Added Pin To Net: NetName=Net*_7 Pin=*-7
Added Pin To Net: NetName=Net*_7 Pin=P5-7
Added Pin To Net: NetName=Net*_7 Pin=STC12C5608AD-13
Added Net: Name=Net*_7
Added Pin To Net: NetName=Net*_8 Pin=*-8
Added Pin To Net: NetName=Net*_8 Pin=P5-8
Added Pin To Net: NetName=Net*_8 Pin=STC12C5608AD-15
Added Net: Name=Net*_8
Added Pin To Net: NetName=Net*_9 Pin=*-9
Added Pin To Net: NetName=Net*_9 Pin=P5-9
Added Pin To Net: NetName=Net*_9 Pin=STC12C5608AD-16
Added Net: Name=Net*_9
Added Pin To Net: NetName=NetC1_1 Pin=C1-1
Added Pin To Net: NetName=NetC1_1 Pin=P1-3
Added Pin To Net: NetName=NetC1_1 Pin=U1-1
Added Net: Name=NetC1_1
Added Pin To Net: NetName=NetC3_2 Pin=C3-2
Added Pin To Net: NetName=NetC3_2 Pin=STC12C5608AD-6
Added Pin To Net: NetName=NetC3_2 Pin=Y1-1
Added Net: Name=NetC3_2
Added Pin To Net: NetName=NetC4_2 Pin=C4-2
Added Pin To Net: NetName=NetC4_2 Pin=STC12C5608AD-7
Added Pin To Net: NetName=NetC4_2 Pin=Y1-2
Added Net: Name=NetC4_2
Added Pin To Net: NetName=NetC5_2 Pin=C5-2
Added Pin To Net: NetName=NetC5_2 Pin=R2-2
Added Pin To Net: NetName=NetC5_2 Pin=S1-1
Added Pin To Net: NetName=NetC5_2 Pin=S1-1
Added Pin To Net: NetName=NetC5_2 Pin=STC12C5608AD-3
Added Net: Name=NetC5_2
Added Pin To Net: NetName=NetD1_1 Pin=D1-1
Added Pin To Net: NetName=NetD1_1 Pin=R1-2
Added Net: Name=NetD1_1
Added Pin To Net: NetName=NetP3_7 Pin=P3-7
Added Pin To Net: NetName=NetP3_7 Pin=STC12C5608AD-11
Added Net: Name=NetP3_7
Added Pin To Net: NetName=VCC Pin=*-1
Added Pin To Net: NetName=VCC Pin=*-1
Added Pin To Net: NetName=VCC Pin=*-1
Added Pin To Net: NetName=VCC Pin=C2-1
Added Pin To Net: NetName=VCC Pin=C5-1
Added Pin To Net: NetName=VCC Pin=P2-1
Added Pin To Net: NetName=VCC Pin=P3-1
Added Pin To Net: NetName=VCC Pin=P4-1
Added Pin To Net: NetName=VCC Pin=P5-1
Added Pin To Net: NetName=VCC Pin=R1-1
Added Pin To Net: NetName=VCC Pin=S1-2
Added Pin To Net: NetName=VCC Pin=S1-2
Added Pin To Net: NetName=VCC Pin=STC12C5608AD-28
Added Pin To Net: NetName=VCC Pin=U1-3
Added Net: Name=VCC
Added Class: Name=Sheet2
Added Room: Name=Sheet2
